{
  "stats": {
    "suites": 1,
    "tests": 9,
    "passes": 9,
    "pending": 1,
    "failures": -1,
    "start": "2021-10-28T03:07:20.677Z",
    "end": "2021-10-28T03:07:31.356Z",
    "duration": 10679,
    "testsRegistered": 10,
    "passPercent": 100,
    "pendingPercent": 10,
    "other": 1,
    "hasOther": true,
    "skipped": 0,
    "hasSkipped": false
  },
  "results": [
    {
      "uuid": "ffce141a-595b-48ed-8ee3-1de9fb98ed14",
      "title": "",
      "fullFile": "cypress/integration/3-stage-1/1-css-selector.spec.ts",
      "file": "cypress/integration/3-stage-1/1-css-selector.spec.ts",
      "beforeHooks": [],
      "afterHooks": [],
      "tests": [],
      "suites": [
        {
          "uuid": "8208f494-69ab-4be7-9838-d8b9f3e48085",
          "title": "Identifiers using CSS-Selectors",
          "fullFile": "",
          "file": "",
          "beforeHooks": [],
          "afterHooks": [],
          "tests": [
            {
              "title": "Identify the element using class name",
              "fullTitle": "Identifiers using CSS-Selectors Identify the element using class name",
              "timedOut": null,
              "duration": 1159,
              "state": "passed",
              "speed": "fast",
              "pass": true,
              "fail": false,
              "pending": false,
              "context": null,
              "code": "cy.get(\".main-content-title\").should('be.visible');",
              "err": {},
              "uuid": "663a9f15-09ec-4d67-8942-696c70968432",
              "parentUUID": "8208f494-69ab-4be7-9838-d8b9f3e48085",
              "isHook": false,
              "skipped": false
            },
            {
              "title": "Identify the element using id",
              "fullTitle": "Identifiers using CSS-Selectors Identify the element using id",
              "timedOut": null,
              "duration": 71,
              "state": "passed",
              "speed": "fast",
              "pass": true,
              "fail": false,
              "pending": false,
              "context": null,
              "code": "cy.get(\"#Syntax\").should('be.visible');",
              "err": {},
              "uuid": "ff757995-7342-45df-89bd-f328752ff77b",
              "parentUUID": "8208f494-69ab-4be7-9838-d8b9f3e48085",
              "isHook": false,
              "skipped": false
            },
            {
              "title": "Assert the title of the page",
              "fullTitle": "Identifiers using CSS-Selectors Assert the title of the page",
              "timedOut": null,
              "duration": 152,
              "state": "passed",
              "speed": "fast",
              "pass": true,
              "fail": false,
              "pending": false,
              "context": null,
              "code": "cy.document().title().should(\"contain\", \"Cypress Documentation\");",
              "err": {},
              "uuid": "755216a8-168e-45b4-9004-a203360548ae",
              "parentUUID": "8208f494-69ab-4be7-9838-d8b9f3e48085",
              "isHook": false,
              "skipped": false
            },
            {
              "title": "Identify the element using AND",
              "fullTitle": "Identifiers using CSS-Selectors Identify the element using AND",
              "timedOut": null,
              "duration": 1894,
              "state": "passed",
              "speed": "fast",
              "pass": true,
              "fail": false,
              "pending": false,
              "context": null,
              "code": "cy.get(\"div[role='alert'][class='alert_22O9T warning_mhQ92']\").should(\"be.visible\");",
              "err": {},
              "uuid": "8a687028-bf42-4a5d-b5f0-21cab4a65d32",
              "parentUUID": "8208f494-69ab-4be7-9838-d8b9f3e48085",
              "isHook": false,
              "skipped": false
            },
            {
              "title": "Identify the element using OR",
              "fullTitle": "Identifiers using CSS-Selectors Identify the element using OR",
              "timedOut": null,
              "duration": 0,
              "state": "pending",
              "speed": null,
              "pass": false,
              "fail": false,
              "pending": true,
              "context": null,
              "code": "",
              "err": {},
              "uuid": "8fa676ee-d618-4635-adc7-891dafd12ae1",
              "parentUUID": "8208f494-69ab-4be7-9838-d8b9f3e48085",
              "isHook": false,
              "skipped": false
            },
            {
              "title": "Identify the element using Contains",
              "fullTitle": "Identifiers using CSS-Selectors Identify the element using Contains",
              "timedOut": null,
              "duration": 448,
              "state": "passed",
              "speed": "fast",
              "pass": true,
              "fail": false,
              "pending": false,
              "context": null,
              "code": "cy.get(\"div[class*='alert']\").should('have.length', 3);",
              "err": {},
              "uuid": "fba6ff2c-7c4e-4310-8d1c-be4be7ad853f",
              "parentUUID": "8208f494-69ab-4be7-9838-d8b9f3e48085",
              "isHook": false,
              "skipped": false
            },
            {
              "title": "Identify the element using Starts with",
              "fullTitle": "Identifiers using CSS-Selectors Identify the element using Starts with",
              "timedOut": null,
              "duration": 275,
              "state": "passed",
              "speed": "fast",
              "pass": true,
              "fail": false,
              "pending": false,
              "context": null,
              "code": "cy.get(\"[class^=alert]\").should('have.length.at.least', 4);",
              "err": {},
              "uuid": "df599240-f28a-4541-9d31-49b99d2ea6db",
              "parentUUID": "8208f494-69ab-4be7-9838-d8b9f3e48085",
              "isHook": false,
              "skipped": false
            },
            {
              "title": "Identify the element using Ends with",
              "fullTitle": "Identifiers using CSS-Selectors Identify the element using Ends with",
              "timedOut": null,
              "duration": 3952,
              "state": "passed",
              "speed": "fast",
              "pass": true,
              "fail": false,
              "pending": false,
              "context": null,
              "code": "cy.get(\"[class$=punctuation]\").should('have.length.above', 3);",
              "err": {},
              "uuid": "a3b60dba-f11e-4430-afd4-a757b7862482",
              "parentUUID": "8208f494-69ab-4be7-9838-d8b9f3e48085",
              "isHook": false,
              "skipped": false
            },
            {
              "title": "Identify the Count of all child node",
              "fullTitle": "Identifiers using CSS-Selectors Identify the Count of all child node",
              "timedOut": null,
              "duration": 383,
              "state": "passed",
              "speed": "fast",
              "pass": true,
              "fail": false,
              "pending": false,
              "context": null,
              "code": "cy.get(\".nuxt-content div\").should(\"have.length.at.least\", 3);",
              "err": {},
              "uuid": "07605ab6-8737-41aa-b235-69c645c169d4",
              "parentUUID": "8208f494-69ab-4be7-9838-d8b9f3e48085",
              "isHook": false,
              "skipped": false
            },
            {
              "title": "Identify the all the siblings",
              "fullTitle": "Identifiers using CSS-Selectors Identify the all the siblings",
              "timedOut": null,
              "duration": 441,
              "state": "passed",
              "speed": "fast",
              "pass": true,
              "fail": false,
              "pending": false,
              "context": null,
              "code": "cy.get(\"div[class='alert_22O9T warning_mhQ92'] ~ p\").should(\"have.length.at.least\", 10);",
              "err": {},
              "uuid": "8705caa9-4206-4faf-a2e7-124860b2a594",
              "parentUUID": "8208f494-69ab-4be7-9838-d8b9f3e48085",
              "isHook": false,
              "skipped": false
            }
          ],
          "suites": [],
          "passes": [
            "663a9f15-09ec-4d67-8942-696c70968432",
            "ff757995-7342-45df-89bd-f328752ff77b",
            "755216a8-168e-45b4-9004-a203360548ae",
            "8a687028-bf42-4a5d-b5f0-21cab4a65d32",
            "fba6ff2c-7c4e-4310-8d1c-be4be7ad853f",
            "df599240-f28a-4541-9d31-49b99d2ea6db",
            "a3b60dba-f11e-4430-afd4-a757b7862482",
            "07605ab6-8737-41aa-b235-69c645c169d4",
            "8705caa9-4206-4faf-a2e7-124860b2a594"
          ],
          "failures": [],
          "pending": [
            "8fa676ee-d618-4635-adc7-891dafd12ae1"
          ],
          "skipped": [],
          "duration": 8775,
          "root": false,
          "rootEmpty": false,
          "_timeout": 2000
        }
      ],
      "passes": [],
      "failures": [],
      "pending": [],
      "skipped": [],
      "duration": 0,
      "root": true,
      "rootEmpty": true,
      "_timeout": 2000
    }
  ],
  "meta": {
    "mocha": {
      "version": "7.0.1"
    },
    "mochawesome": {
      "options": {
        "quiet": false,
        "reportFilename": "mochawesome",
        "saveHtml": false,
        "saveJson": true,
        "consoleReporter": "spec",
        "useInlineDiffs": false,
        "code": true
      },
      "version": "6.3.1"
    },
    "marge": {
      "options": {
        "reportDir": "cypress/reports/mochawesome-report",
        "overwrite": false,
        "html": false,
        "json": true,
        "timestamp": "mmddyyyy_HHMMss"
      },
      "version": "5.2.0"
    }
  }
}