{
  "stats": {
    "suites": 1,
    "tests": 9,
    "passes": 8,
    "pending": 1,
    "failures": 0,
    "start": "2021-10-28T03:14:08.216Z",
    "end": "2021-10-28T03:14:12.066Z",
    "duration": 3850,
    "testsRegistered": 9,
    "passPercent": 100,
    "pendingPercent": 11.11111111111111,
    "other": 0,
    "hasOther": false,
    "skipped": 0,
    "hasSkipped": false
  },
  "results": [
    {
      "uuid": "54441cc3-3aed-4f0f-be84-3075d9fe3ffa",
      "title": "",
      "fullFile": "cypress/integration/3-stage-1/hello-world-spec.ts",
      "file": "cypress/integration/3-stage-1/hello-world-spec.ts",
      "beforeHooks": [],
      "afterHooks": [],
      "tests": [],
      "suites": [
        {
          "uuid": "ea575303-a207-496a-a34d-764a83d43dd4",
          "title": "First cypress Test",
          "fullFile": "",
          "file": "",
          "beforeHooks": [],
          "afterHooks": [],
          "tests": [
            {
              "title": "Launch the URL",
              "fullTitle": "First cypress Test Launch the URL",
              "timedOut": null,
              "duration": 732,
              "state": "passed",
              "speed": "fast",
              "pass": true,
              "fail": false,
              "pending": false,
              "context": null,
              "code": "cy.visit(\"https://qavbox.github.io/demo/signup/\");",
              "err": {},
              "uuid": "bc31adf3-8aea-4fce-b043-01b71a55b731",
              "parentUUID": "ea575303-a207-496a-a34d-764a83d43dd4",
              "isHook": false,
              "skipped": false
            },
            {
              "title": "Assert the URL",
              "fullTitle": "First cypress Test Assert the URL",
              "timedOut": null,
              "duration": 49,
              "state": "passed",
              "speed": "fast",
              "pass": true,
              "fail": false,
              "pending": false,
              "context": null,
              "code": "cy.url().should(\"contain\", \"signup\");",
              "err": {},
              "uuid": "8ce3748d-b96a-4581-9269-ffececf1ec7c",
              "parentUUID": "ea575303-a207-496a-a34d-764a83d43dd4",
              "isHook": false,
              "skipped": false
            },
            {
              "title": "Enter the full name",
              "fullTitle": "First cypress Test Enter the full name",
              "timedOut": null,
              "duration": 1096,
              "state": "passed",
              "speed": "fast",
              "pass": true,
              "fail": false,
              "pending": false,
              "context": null,
              "code": "cy.get(\"#username\").as(\"usernameId\");\ncy.get(\"@usernameId\").type(\"Cerosh\");\ncy.get(\"@usernameId\").clear();\ncy.get(\"@usernameId\").type(\"Cerosh Jacob\", { delay: 50 });",
              "err": {},
              "uuid": "7484be2d-4321-47e5-99a1-6459383f2b3c",
              "parentUUID": "ea575303-a207-496a-a34d-764a83d43dd4",
              "isHook": false,
              "skipped": false
            },
            {
              "title": "Read text and and chain assertion",
              "fullTitle": "First cypress Test Read text and and chain assertion",
              "timedOut": null,
              "duration": 31,
              "state": "passed",
              "speed": "fast",
              "pass": true,
              "fail": false,
              "pending": false,
              "context": null,
              "code": "cy.get(\"#hidden_div\").should('not.be.visible').and(\"contain\", \"I am hidden\");",
              "err": {},
              "uuid": "250bb5c9-b25c-43ee-a3fc-ca2f4fdedf6f",
              "parentUUID": "ea575303-a207-496a-a34d-764a83d43dd4",
              "isHook": false,
              "skipped": false
            },
            {
              "title": "Count the number of elements",
              "fullTitle": "First cypress Test Count the number of elements",
              "timedOut": null,
              "duration": 70,
              "state": "passed",
              "speed": "fast",
              "pass": true,
              "fail": false,
              "pending": false,
              "context": null,
              "code": "cy.get(\"input[name='experience']\").its(\"length\").should(\"eq\", 8);",
              "err": {},
              "uuid": "2c601bcb-62a7-4ee6-9089-2edbfa6e4eb9",
              "parentUUID": "ea575303-a207-496a-a34d-764a83d43dd4",
              "isHook": false,
              "skipped": false
            },
            {
              "title": "Use of Check box",
              "fullTitle": "First cypress Test Use of Check box",
              "timedOut": null,
              "duration": 141,
              "state": "passed",
              "speed": "fast",
              "pass": true,
              "fail": false,
              "pending": false,
              "context": null,
              "code": "cy.get(\"input[name*='language']\").check(\"Java\");\ncy.get(\"input[name*='language'][value='Java']\").should('be.checked').and(\"be.visible\");",
              "err": {},
              "uuid": "aab29980-729e-4b63-8c10-1364b2b7ab03",
              "parentUUID": "ea575303-a207-496a-a34d-764a83d43dd4",
              "isHook": false,
              "skipped": false
            },
            {
              "title": "Submitting the registration form with logging enabled",
              "fullTitle": "First cypress Test Submitting the registration form with logging enabled",
              "timedOut": null,
              "duration": 441,
              "state": "passed",
              "speed": "fast",
              "pass": true,
              "fail": false,
              "pending": false,
              "context": null,
              "code": "cy.get(\"input[name='commit']\", { log: true }).click();",
              "err": {},
              "uuid": "7d93c3d6-bf8b-4eaa-8d51-01b1543ed9bf",
              "parentUUID": "ea575303-a207-496a-a34d-764a83d43dd4",
              "isHook": false,
              "skipped": false
            },
            {
              "title": "Assert the alert",
              "fullTitle": "First cypress Test Assert the alert",
              "timedOut": null,
              "duration": 19,
              "state": "passed",
              "speed": "fast",
              "pass": true,
              "fail": false,
              "pending": false,
              "context": null,
              "code": "cy.on('window:alert', function (text) {\n    expect(text).to.contains('Registration Done!');\n});",
              "err": {},
              "uuid": "60d6be2a-5b5b-4092-a001-39a5b1acc5e6",
              "parentUUID": "ea575303-a207-496a-a34d-764a83d43dd4",
              "isHook": false,
              "skipped": false
            },
            {
              "title": "Override the current time",
              "fullTitle": "First cypress Test Override the current time",
              "timedOut": null,
              "duration": 0,
              "state": "pending",
              "speed": null,
              "pass": false,
              "fail": false,
              "pending": true,
              "context": null,
              "code": "",
              "err": {},
              "uuid": "b89c1b87-67fd-467d-a9e8-ef0b811852e9",
              "parentUUID": "ea575303-a207-496a-a34d-764a83d43dd4",
              "isHook": false,
              "skipped": false
            }
          ],
          "suites": [],
          "passes": [
            "bc31adf3-8aea-4fce-b043-01b71a55b731",
            "8ce3748d-b96a-4581-9269-ffececf1ec7c",
            "7484be2d-4321-47e5-99a1-6459383f2b3c",
            "250bb5c9-b25c-43ee-a3fc-ca2f4fdedf6f",
            "2c601bcb-62a7-4ee6-9089-2edbfa6e4eb9",
            "aab29980-729e-4b63-8c10-1364b2b7ab03",
            "7d93c3d6-bf8b-4eaa-8d51-01b1543ed9bf",
            "60d6be2a-5b5b-4092-a001-39a5b1acc5e6"
          ],
          "failures": [],
          "pending": [
            "b89c1b87-67fd-467d-a9e8-ef0b811852e9"
          ],
          "skipped": [],
          "duration": 2579,
          "root": false,
          "rootEmpty": false,
          "_timeout": 2000
        }
      ],
      "passes": [],
      "failures": [],
      "pending": [],
      "skipped": [],
      "duration": 0,
      "root": true,
      "rootEmpty": true,
      "_timeout": 2000
    }
  ],
  "meta": {
    "mocha": {
      "version": "7.0.1"
    },
    "mochawesome": {
      "options": {
        "quiet": false,
        "reportFilename": "mochawesome",
        "saveHtml": false,
        "saveJson": true,
        "consoleReporter": "spec",
        "useInlineDiffs": false,
        "code": true
      },
      "version": "6.3.1"
    },
    "marge": {
      "options": {
        "reportDir": "cypress/reports/mochawesome-report",
        "overwrite": false,
        "html": false,
        "json": true,
        "timestamp": "mmddyyyy_HHMMss"
      },
      "version": "5.2.0"
    }
  }
}