{
  "stats": {
    "suites": 1,
    "tests": 9,
    "passes": 8,
    "pending": 1,
    "failures": 0,
    "start": "2021-10-28T03:06:12.836Z",
    "end": "2021-10-28T03:06:16.561Z",
    "duration": 3725,
    "testsRegistered": 9,
    "passPercent": 100,
    "pendingPercent": 11.11111111111111,
    "other": 0,
    "hasOther": false,
    "skipped": 0,
    "hasSkipped": false
  },
  "results": [
    {
      "uuid": "2ef09103-8d05-49fe-be98-82a64d1a3849",
      "title": "",
      "fullFile": "cypress/integration/3-stage-1/hello-world-spec.ts",
      "file": "cypress/integration/3-stage-1/hello-world-spec.ts",
      "beforeHooks": [],
      "afterHooks": [],
      "tests": [],
      "suites": [
        {
          "uuid": "18e0c972-bea9-4016-89f4-7173626f4d11",
          "title": "First cypress Test",
          "fullFile": "",
          "file": "",
          "beforeHooks": [],
          "afterHooks": [],
          "tests": [
            {
              "title": "Launch the URL",
              "fullTitle": "First cypress Test Launch the URL",
              "timedOut": null,
              "duration": 422,
              "state": "passed",
              "speed": "fast",
              "pass": true,
              "fail": false,
              "pending": false,
              "context": null,
              "code": "cy.visit(\"https://qavbox.github.io/demo/signup/\");",
              "err": {},
              "uuid": "2fb49986-e56d-4b6b-9dc2-a9c351767220",
              "parentUUID": "18e0c972-bea9-4016-89f4-7173626f4d11",
              "isHook": false,
              "skipped": false
            },
            {
              "title": "Assert the URL",
              "fullTitle": "First cypress Test Assert the URL",
              "timedOut": null,
              "duration": 28,
              "state": "passed",
              "speed": "fast",
              "pass": true,
              "fail": false,
              "pending": false,
              "context": null,
              "code": "cy.url().should(\"contain\", \"signup\");",
              "err": {},
              "uuid": "b2a1ae69-7a7a-4372-b5f4-e82fccf92c20",
              "parentUUID": "18e0c972-bea9-4016-89f4-7173626f4d11",
              "isHook": false,
              "skipped": false
            },
            {
              "title": "Enter the full name",
              "fullTitle": "First cypress Test Enter the full name",
              "timedOut": null,
              "duration": 1093,
              "state": "passed",
              "speed": "fast",
              "pass": true,
              "fail": false,
              "pending": false,
              "context": null,
              "code": "cy.get(\"#username\").as(\"usernameId\");\ncy.get(\"@usernameId\").type(\"Cerosh\");\ncy.get(\"@usernameId\").clear();\ncy.get(\"@usernameId\").type(\"Cerosh Jacob\", { delay: 50 });",
              "err": {},
              "uuid": "6d5355a2-4b40-4ff2-a2f7-a1469f7c8136",
              "parentUUID": "18e0c972-bea9-4016-89f4-7173626f4d11",
              "isHook": false,
              "skipped": false
            },
            {
              "title": "Read text and and chain assertion",
              "fullTitle": "First cypress Test Read text and and chain assertion",
              "timedOut": null,
              "duration": 23,
              "state": "passed",
              "speed": "fast",
              "pass": true,
              "fail": false,
              "pending": false,
              "context": null,
              "code": "cy.get(\"#hidden_div\").should('not.be.visible').and(\"contain\", \"I am hidden\");",
              "err": {},
              "uuid": "f307a748-9eff-4b37-84ee-5cce864a4c57",
              "parentUUID": "18e0c972-bea9-4016-89f4-7173626f4d11",
              "isHook": false,
              "skipped": false
            },
            {
              "title": "Count the number of elements",
              "fullTitle": "First cypress Test Count the number of elements",
              "timedOut": null,
              "duration": 45,
              "state": "passed",
              "speed": "fast",
              "pass": true,
              "fail": false,
              "pending": false,
              "context": null,
              "code": "cy.get(\"input[name='experience']\").its(\"length\").should(\"eq\", 8);",
              "err": {},
              "uuid": "56e0240b-4af9-4c27-af31-7eb0994c4aa8",
              "parentUUID": "18e0c972-bea9-4016-89f4-7173626f4d11",
              "isHook": false,
              "skipped": false
            },
            {
              "title": "Use of Check box",
              "fullTitle": "First cypress Test Use of Check box",
              "timedOut": null,
              "duration": 140,
              "state": "passed",
              "speed": "fast",
              "pass": true,
              "fail": false,
              "pending": false,
              "context": null,
              "code": "cy.get(\"input[name*='language']\").check(\"Java\");\ncy.get(\"input[name*='language'][value='Java']\").should('be.checked').and(\"be.visible\");",
              "err": {},
              "uuid": "ec851c87-3467-4d23-81e3-1d848379f760",
              "parentUUID": "18e0c972-bea9-4016-89f4-7173626f4d11",
              "isHook": false,
              "skipped": false
            },
            {
              "title": "Submitting the registration form with logging enabled",
              "fullTitle": "First cypress Test Submitting the registration form with logging enabled",
              "timedOut": null,
              "duration": 439,
              "state": "passed",
              "speed": "fast",
              "pass": true,
              "fail": false,
              "pending": false,
              "context": null,
              "code": "cy.get(\"input[name='commit']\", { log: true }).click();",
              "err": {},
              "uuid": "aefc32b8-def5-4d0b-a7d1-12a007d37899",
              "parentUUID": "18e0c972-bea9-4016-89f4-7173626f4d11",
              "isHook": false,
              "skipped": false
            },
            {
              "title": "Assert the alert",
              "fullTitle": "First cypress Test Assert the alert",
              "timedOut": null,
              "duration": 86,
              "state": "passed",
              "speed": "fast",
              "pass": true,
              "fail": false,
              "pending": false,
              "context": null,
              "code": "cy.on('window:alert', function (text) {\n    expect(text).to.contains('Registration Done!');\n});",
              "err": {},
              "uuid": "add5a5ca-4e2c-4a45-baa5-ae448ccd5bc5",
              "parentUUID": "18e0c972-bea9-4016-89f4-7173626f4d11",
              "isHook": false,
              "skipped": false
            },
            {
              "title": "Override the current time",
              "fullTitle": "First cypress Test Override the current time",
              "timedOut": null,
              "duration": 0,
              "state": "pending",
              "speed": null,
              "pass": false,
              "fail": false,
              "pending": true,
              "context": null,
              "code": "",
              "err": {},
              "uuid": "c32375b9-a718-4801-b306-93e6598ba9d9",
              "parentUUID": "18e0c972-bea9-4016-89f4-7173626f4d11",
              "isHook": false,
              "skipped": false
            }
          ],
          "suites": [],
          "passes": [
            "2fb49986-e56d-4b6b-9dc2-a9c351767220",
            "b2a1ae69-7a7a-4372-b5f4-e82fccf92c20",
            "6d5355a2-4b40-4ff2-a2f7-a1469f7c8136",
            "f307a748-9eff-4b37-84ee-5cce864a4c57",
            "56e0240b-4af9-4c27-af31-7eb0994c4aa8",
            "ec851c87-3467-4d23-81e3-1d848379f760",
            "aefc32b8-def5-4d0b-a7d1-12a007d37899",
            "add5a5ca-4e2c-4a45-baa5-ae448ccd5bc5"
          ],
          "failures": [],
          "pending": [
            "c32375b9-a718-4801-b306-93e6598ba9d9"
          ],
          "skipped": [],
          "duration": 2276,
          "root": false,
          "rootEmpty": false,
          "_timeout": 2000
        }
      ],
      "passes": [],
      "failures": [],
      "pending": [],
      "skipped": [],
      "duration": 0,
      "root": true,
      "rootEmpty": true,
      "_timeout": 2000
    }
  ],
  "meta": {
    "mocha": {
      "version": "7.0.1"
    },
    "mochawesome": {
      "options": {
        "quiet": false,
        "reportFilename": "mochawesome",
        "saveHtml": false,
        "saveJson": true,
        "consoleReporter": "spec",
        "useInlineDiffs": false,
        "code": true
      },
      "version": "6.3.1"
    },
    "marge": {
      "options": {
        "reportDir": "cypress/reports/mochawesome-report",
        "overwrite": false,
        "html": false,
        "json": true,
        "timestamp": "mmddyyyy_HHMMss"
      },
      "version": "5.2.0"
    }
  }
}