<?xml version="1.0" encoding="UTF-8"?>
<testsuites name="Mocha Tests" time="1.9030" tests="9" failures="1">
  <testsuite name="Root Suite" timestamp="2021-10-27T23:30:39" tests="0" file="cypress/integration/3-stage-1/hello-world-spec.ts" time="0.0000" failures="0">
  </testsuite>
  <testsuite name="First cypress Test" timestamp="2021-10-27T23:30:39" tests="9" time="1.9030" failures="1">
    <testcase name="First cypress Test Launch the URL" time="0.3370" classname="Launch the URL">
    </testcase>
    <testcase name="First cypress Test Assert the URL" time="0.0170" classname="Assert the URL">
    </testcase>
    <testcase name="First cypress Test Enter the full name" time="1.0570" classname="Enter the full name">
    </testcase>
    <testcase name="First cypress Test Read text and and chain assertion" time="0.0140" classname="Read text and and chain assertion">
    </testcase>
    <testcase name="First cypress Test Count the number of elements" time="0.0290" classname="Count the number of elements">
    </testcase>
    <testcase name="First cypress Test Use of Check box" time="0.1190" classname="Use of Check box">
    </testcase>
    <testcase name="First cypress Test Submitting the registration form with logging enabled" time="0.3200" classname="Submitting the registration form with logging enabled">
    </testcase>
    <testcase name="First cypress Test Assert the alert" time="0.0100" classname="Assert the alert">
    </testcase>
    <testcase name="First cypress Test Override the current time" time="0.0000" classname="Override the current time">
      <failure message="string is not defined" type="ReferenceError"><![CDATA[ReferenceError: string is not defined
    at Context.eval (https://qavbox.github.io/__cypress/tests?p=cypress/integration/3-stage-1/hello-world-spec.ts:133:12)]]></failure>
    </testcase>
  </testsuite>
</testsuites>