{
  "stats": {
    "suites": 1,
    "tests": 9,
    "passes": 9,
    "pending": 1,
    "failures": -1,
    "start": "2021-10-28T09:47:29.028Z",
    "end": "2021-10-28T09:47:42.859Z",
    "duration": 13831,
    "testsRegistered": 10,
    "passPercent": 100,
    "pendingPercent": 10,
    "other": 1,
    "hasOther": true,
    "skipped": 0,
    "hasSkipped": false
  },
  "results": [
    {
      "uuid": "8a723f60-8791-4a1b-8b1e-c05037194c3e",
      "title": "",
      "fullFile": "cypress/integration/3-stage-1/1-css-selector.spec.ts",
      "file": "cypress/integration/3-stage-1/1-css-selector.spec.ts",
      "beforeHooks": [],
      "afterHooks": [],
      "tests": [],
      "suites": [
        {
          "uuid": "e7eac641-deaa-4bba-b93b-9e8a4c4f43ce",
          "title": "Identifiers using CSS-Selectors",
          "fullFile": "",
          "file": "",
          "beforeHooks": [],
          "afterHooks": [],
          "tests": [
            {
              "title": "Identify the element using class name",
              "fullTitle": "Identifiers using CSS-Selectors Identify the element using class name",
              "timedOut": null,
              "duration": 1552,
              "state": "passed",
              "speed": "fast",
              "pass": true,
              "fail": false,
              "pending": false,
              "context": null,
              "code": "cy.get(\".main-content-title\").should('be.visible');",
              "err": {},
              "uuid": "4cefe782-9478-46c7-ad4f-d31616ebe55c",
              "parentUUID": "e7eac641-deaa-4bba-b93b-9e8a4c4f43ce",
              "isHook": false,
              "skipped": false
            },
            {
              "title": "Identify the element using id",
              "fullTitle": "Identifiers using CSS-Selectors Identify the element using id",
              "timedOut": null,
              "duration": 71,
              "state": "passed",
              "speed": "fast",
              "pass": true,
              "fail": false,
              "pending": false,
              "context": null,
              "code": "cy.get(\"#Syntax\").should('be.visible');",
              "err": {},
              "uuid": "f6bb3cfd-e417-41ea-98ec-692d309831c4",
              "parentUUID": "e7eac641-deaa-4bba-b93b-9e8a4c4f43ce",
              "isHook": false,
              "skipped": false
            },
            {
              "title": "Assert the title of the page",
              "fullTitle": "Identifiers using CSS-Selectors Assert the title of the page",
              "timedOut": null,
              "duration": 84,
              "state": "passed",
              "speed": "fast",
              "pass": true,
              "fail": false,
              "pending": false,
              "context": null,
              "code": "cy.document().title().should(\"contain\", \"Cypress Documentation\");",
              "err": {},
              "uuid": "db2bab96-85be-459f-b34d-2e890c887deb",
              "parentUUID": "e7eac641-deaa-4bba-b93b-9e8a4c4f43ce",
              "isHook": false,
              "skipped": false
            },
            {
              "title": "Identify the element using AND",
              "fullTitle": "Identifiers using CSS-Selectors Identify the element using AND",
              "timedOut": null,
              "duration": 2065,
              "state": "passed",
              "speed": "fast",
              "pass": true,
              "fail": false,
              "pending": false,
              "context": null,
              "code": "cy.get(\"div[role='alert'][class='alert_22O9T warning_mhQ92']\").should(\"be.visible\");",
              "err": {},
              "uuid": "a25e9a45-00e5-473f-9e4b-70513cdc4010",
              "parentUUID": "e7eac641-deaa-4bba-b93b-9e8a4c4f43ce",
              "isHook": false,
              "skipped": false
            },
            {
              "title": "Identify the element using OR",
              "fullTitle": "Identifiers using CSS-Selectors Identify the element using OR",
              "timedOut": null,
              "duration": 0,
              "state": "pending",
              "speed": null,
              "pass": false,
              "fail": false,
              "pending": true,
              "context": null,
              "code": "",
              "err": {},
              "uuid": "c4f7f946-d38a-447a-beb4-b8d4653fb4b8",
              "parentUUID": "e7eac641-deaa-4bba-b93b-9e8a4c4f43ce",
              "isHook": false,
              "skipped": false
            },
            {
              "title": "Identify the element using Contains",
              "fullTitle": "Identifiers using CSS-Selectors Identify the element using Contains",
              "timedOut": null,
              "duration": 354,
              "state": "passed",
              "speed": "fast",
              "pass": true,
              "fail": false,
              "pending": false,
              "context": null,
              "code": "cy.get(\"div[class*='alert']\").should('have.length', 3);",
              "err": {},
              "uuid": "c8e71733-23bc-49eb-83da-5ddd27c610eb",
              "parentUUID": "e7eac641-deaa-4bba-b93b-9e8a4c4f43ce",
              "isHook": false,
              "skipped": false
            },
            {
              "title": "Identify the element using Starts with",
              "fullTitle": "Identifiers using CSS-Selectors Identify the element using Starts with",
              "timedOut": null,
              "duration": 505,
              "state": "passed",
              "speed": "fast",
              "pass": true,
              "fail": false,
              "pending": false,
              "context": null,
              "code": "cy.get(\"[class^=alert]\").should('have.length.at.least', 4);",
              "err": {},
              "uuid": "4b80d580-baa1-4f75-8f24-9445fa731629",
              "parentUUID": "e7eac641-deaa-4bba-b93b-9e8a4c4f43ce",
              "isHook": false,
              "skipped": false
            },
            {
              "title": "Identify the element using Ends with",
              "fullTitle": "Identifiers using CSS-Selectors Identify the element using Ends with",
              "timedOut": null,
              "duration": 5367,
              "state": "passed",
              "speed": "medium",
              "pass": true,
              "fail": false,
              "pending": false,
              "context": null,
              "code": "cy.get(\"[class$=punctuation]\").should('have.length.above', 3);",
              "err": {},
              "uuid": "f40a0f74-7834-4913-854a-4edcac9d1eff",
              "parentUUID": "e7eac641-deaa-4bba-b93b-9e8a4c4f43ce",
              "isHook": false,
              "skipped": false
            },
            {
              "title": "Identify the Count of all child node",
              "fullTitle": "Identifiers using CSS-Selectors Identify the Count of all child node",
              "timedOut": null,
              "duration": 638,
              "state": "passed",
              "speed": "fast",
              "pass": true,
              "fail": false,
              "pending": false,
              "context": null,
              "code": "cy.get(\".nuxt-content div\").should(\"have.length.at.least\", 3);",
              "err": {},
              "uuid": "52fcb02d-d9ca-4b00-b20f-d6c19c50bc37",
              "parentUUID": "e7eac641-deaa-4bba-b93b-9e8a4c4f43ce",
              "isHook": false,
              "skipped": false
            },
            {
              "title": "Identify the all the siblings",
              "fullTitle": "Identifiers using CSS-Selectors Identify the all the siblings",
              "timedOut": null,
              "duration": 557,
              "state": "passed",
              "speed": "fast",
              "pass": true,
              "fail": false,
              "pending": false,
              "context": null,
              "code": "cy.get(\"div[class='alert_22O9T warning_mhQ92'] ~ p\").should(\"have.length.at.least\", 10);",
              "err": {},
              "uuid": "248dcb2a-5fba-4615-8b85-46f7f32c4431",
              "parentUUID": "e7eac641-deaa-4bba-b93b-9e8a4c4f43ce",
              "isHook": false,
              "skipped": false
            }
          ],
          "suites": [],
          "passes": [
            "4cefe782-9478-46c7-ad4f-d31616ebe55c",
            "f6bb3cfd-e417-41ea-98ec-692d309831c4",
            "db2bab96-85be-459f-b34d-2e890c887deb",
            "a25e9a45-00e5-473f-9e4b-70513cdc4010",
            "c8e71733-23bc-49eb-83da-5ddd27c610eb",
            "4b80d580-baa1-4f75-8f24-9445fa731629",
            "f40a0f74-7834-4913-854a-4edcac9d1eff",
            "52fcb02d-d9ca-4b00-b20f-d6c19c50bc37",
            "248dcb2a-5fba-4615-8b85-46f7f32c4431"
          ],
          "failures": [],
          "pending": [
            "c4f7f946-d38a-447a-beb4-b8d4653fb4b8"
          ],
          "skipped": [],
          "duration": 11193,
          "root": false,
          "rootEmpty": false,
          "_timeout": 2000
        }
      ],
      "passes": [],
      "failures": [],
      "pending": [],
      "skipped": [],
      "duration": 0,
      "root": true,
      "rootEmpty": true,
      "_timeout": 2000
    }
  ],
  "meta": {
    "mocha": {
      "version": "7.0.1"
    },
    "mochawesome": {
      "options": {
        "quiet": false,
        "reportFilename": "mochawesome",
        "saveHtml": false,
        "saveJson": true,
        "consoleReporter": "spec",
        "useInlineDiffs": false,
        "code": true
      },
      "version": "6.3.1"
    },
    "marge": {
      "options": {
        "reportDir": "cypress/reports/mochawesome-report",
        "overwrite": true,
        "html": false,
        "json": true,
        "timestamp": "mmddyyyy_HHMMss"
      },
      "version": "5.2.0"
    }
  }
}