{
  "stats": {
    "suites": 1,
    "tests": 9,
    "passes": 8,
    "pending": 1,
    "failures": 0,
    "start": "2021-10-28T03:16:08.422Z",
    "end": "2021-10-28T03:16:12.196Z",
    "duration": 3774,
    "testsRegistered": 9,
    "passPercent": 100,
    "pendingPercent": 11.11111111111111,
    "other": 0,
    "hasOther": false,
    "skipped": 0,
    "hasSkipped": false
  },
  "results": [
    {
      "uuid": "b3d2fa60-90fb-4524-b045-b9af9468d27f",
      "title": "",
      "fullFile": "cypress/integration/3-stage-1/hello-world-spec.ts",
      "file": "cypress/integration/3-stage-1/hello-world-spec.ts",
      "beforeHooks": [],
      "afterHooks": [],
      "tests": [],
      "suites": [
        {
          "uuid": "d0cbc8a0-db48-4f38-9010-389f51b713eb",
          "title": "First cypress Test",
          "fullFile": "",
          "file": "",
          "beforeHooks": [],
          "afterHooks": [],
          "tests": [
            {
              "title": "Launch the URL",
              "fullTitle": "First cypress Test Launch the URL",
              "timedOut": null,
              "duration": 679,
              "state": "passed",
              "speed": "fast",
              "pass": true,
              "fail": false,
              "pending": false,
              "context": null,
              "code": "cy.visit(\"https://qavbox.github.io/demo/signup/\");",
              "err": {},
              "uuid": "6d02392e-4c89-4bb6-9f83-0b823deb10a5",
              "parentUUID": "d0cbc8a0-db48-4f38-9010-389f51b713eb",
              "isHook": false,
              "skipped": false
            },
            {
              "title": "Assert the URL",
              "fullTitle": "First cypress Test Assert the URL",
              "timedOut": null,
              "duration": 34,
              "state": "passed",
              "speed": "fast",
              "pass": true,
              "fail": false,
              "pending": false,
              "context": null,
              "code": "cy.url().should(\"contain\", \"signup\");",
              "err": {},
              "uuid": "889e9828-e634-4741-8c98-a12e9aa42a4e",
              "parentUUID": "d0cbc8a0-db48-4f38-9010-389f51b713eb",
              "isHook": false,
              "skipped": false
            },
            {
              "title": "Enter the full name",
              "fullTitle": "First cypress Test Enter the full name",
              "timedOut": null,
              "duration": 1055,
              "state": "passed",
              "speed": "fast",
              "pass": true,
              "fail": false,
              "pending": false,
              "context": null,
              "code": "cy.get(\"#username\").as(\"usernameId\");\ncy.get(\"@usernameId\").type(\"Cerosh\");\ncy.get(\"@usernameId\").clear();\ncy.get(\"@usernameId\").type(\"Cerosh Jacob\", { delay: 50 });",
              "err": {},
              "uuid": "1e2e6bbd-0166-4fbf-9926-2f9a53ee1339",
              "parentUUID": "d0cbc8a0-db48-4f38-9010-389f51b713eb",
              "isHook": false,
              "skipped": false
            },
            {
              "title": "Read text and and chain assertion",
              "fullTitle": "First cypress Test Read text and and chain assertion",
              "timedOut": null,
              "duration": 22,
              "state": "passed",
              "speed": "fast",
              "pass": true,
              "fail": false,
              "pending": false,
              "context": null,
              "code": "cy.get(\"#hidden_div\").should('not.be.visible').and(\"contain\", \"I am hidden\");",
              "err": {},
              "uuid": "67b01f73-ead4-48b2-9432-610e6a1103ea",
              "parentUUID": "d0cbc8a0-db48-4f38-9010-389f51b713eb",
              "isHook": false,
              "skipped": false
            },
            {
              "title": "Count the number of elements",
              "fullTitle": "First cypress Test Count the number of elements",
              "timedOut": null,
              "duration": 45,
              "state": "passed",
              "speed": "fast",
              "pass": true,
              "fail": false,
              "pending": false,
              "context": null,
              "code": "cy.get(\"input[name='experience']\").its(\"length\").should(\"eq\", 8);",
              "err": {},
              "uuid": "b26f70aa-b458-435b-b0e5-6f6f572b76af",
              "parentUUID": "d0cbc8a0-db48-4f38-9010-389f51b713eb",
              "isHook": false,
              "skipped": false
            },
            {
              "title": "Use of Check box",
              "fullTitle": "First cypress Test Use of Check box",
              "timedOut": null,
              "duration": 137,
              "state": "passed",
              "speed": "fast",
              "pass": true,
              "fail": false,
              "pending": false,
              "context": null,
              "code": "cy.get(\"input[name*='language']\").check(\"Java\");\ncy.get(\"input[name*='language'][value='Java']\").should('be.checked').and(\"be.visible\");",
              "err": {},
              "uuid": "10fcbbef-23ca-4ccb-ba75-19ce86f7782c",
              "parentUUID": "d0cbc8a0-db48-4f38-9010-389f51b713eb",
              "isHook": false,
              "skipped": false
            },
            {
              "title": "Submitting the registration form with logging enabled",
              "fullTitle": "First cypress Test Submitting the registration form with logging enabled",
              "timedOut": null,
              "duration": 432,
              "state": "passed",
              "speed": "fast",
              "pass": true,
              "fail": false,
              "pending": false,
              "context": null,
              "code": "cy.get(\"input[name='commit']\", { log: true }).click();",
              "err": {},
              "uuid": "91c619e4-fcbd-495c-9bad-5b04ada6d7cf",
              "parentUUID": "d0cbc8a0-db48-4f38-9010-389f51b713eb",
              "isHook": false,
              "skipped": false
            },
            {
              "title": "Assert the alert",
              "fullTitle": "First cypress Test Assert the alert",
              "timedOut": null,
              "duration": 21,
              "state": "passed",
              "speed": "fast",
              "pass": true,
              "fail": false,
              "pending": false,
              "context": null,
              "code": "cy.on('window:alert', function (text) {\n    expect(text).to.contains('Registration Done!');\n});",
              "err": {},
              "uuid": "5c4a77b5-c44d-4910-95ab-b964c3e99a12",
              "parentUUID": "d0cbc8a0-db48-4f38-9010-389f51b713eb",
              "isHook": false,
              "skipped": false
            },
            {
              "title": "Override the current time",
              "fullTitle": "First cypress Test Override the current time",
              "timedOut": null,
              "duration": 0,
              "state": "pending",
              "speed": null,
              "pass": false,
              "fail": false,
              "pending": true,
              "context": null,
              "code": "",
              "err": {},
              "uuid": "67fd1e4e-a224-4ab7-a8d9-b468d186cb9c",
              "parentUUID": "d0cbc8a0-db48-4f38-9010-389f51b713eb",
              "isHook": false,
              "skipped": false
            }
          ],
          "suites": [],
          "passes": [
            "6d02392e-4c89-4bb6-9f83-0b823deb10a5",
            "889e9828-e634-4741-8c98-a12e9aa42a4e",
            "1e2e6bbd-0166-4fbf-9926-2f9a53ee1339",
            "67b01f73-ead4-48b2-9432-610e6a1103ea",
            "b26f70aa-b458-435b-b0e5-6f6f572b76af",
            "10fcbbef-23ca-4ccb-ba75-19ce86f7782c",
            "91c619e4-fcbd-495c-9bad-5b04ada6d7cf",
            "5c4a77b5-c44d-4910-95ab-b964c3e99a12"
          ],
          "failures": [],
          "pending": [
            "67fd1e4e-a224-4ab7-a8d9-b468d186cb9c"
          ],
          "skipped": [],
          "duration": 2425,
          "root": false,
          "rootEmpty": false,
          "_timeout": 2000
        }
      ],
      "passes": [],
      "failures": [],
      "pending": [],
      "skipped": [],
      "duration": 0,
      "root": true,
      "rootEmpty": true,
      "_timeout": 2000
    }
  ],
  "meta": {
    "mocha": {
      "version": "7.0.1"
    },
    "mochawesome": {
      "options": {
        "quiet": false,
        "reportFilename": "mochawesome",
        "saveHtml": false,
        "saveJson": true,
        "consoleReporter": "spec",
        "useInlineDiffs": false,
        "code": true
      },
      "version": "6.3.1"
    },
    "marge": {
      "options": {
        "reportDir": "cypress/reports/mochawesome-report",
        "overwrite": false,
        "html": false,
        "json": true,
        "timestamp": "mmddyyyy_HHMMss"
      },
      "version": "5.2.0"
    }
  }
}