{
  "stats": {
    "suites": 1,
    "tests": 9,
    "passes": 8,
    "pending": 1,
    "failures": 0,
    "start": "2021-10-28T09:42:59.105Z",
    "end": "2021-10-28T09:43:03.875Z",
    "duration": 4770,
    "testsRegistered": 9,
    "passPercent": 100,
    "pendingPercent": 11.11111111111111,
    "other": 0,
    "hasOther": false,
    "skipped": 0,
    "hasSkipped": false
  },
  "results": [
    {
      "uuid": "2f587b9b-5869-4ef3-9799-bce20952ae65",
      "title": "",
      "fullFile": "cypress/integration/3-stage-1/hello-world-spec.ts",
      "file": "cypress/integration/3-stage-1/hello-world-spec.ts",
      "beforeHooks": [],
      "afterHooks": [],
      "tests": [],
      "suites": [
        {
          "uuid": "601cf2ec-e07a-4353-96dd-ec3a656ec1e1",
          "title": "First cypress Test",
          "fullFile": "",
          "file": "",
          "beforeHooks": [],
          "afterHooks": [],
          "tests": [
            {
              "title": "Launch the URL",
              "fullTitle": "First cypress Test Launch the URL",
              "timedOut": null,
              "duration": 544,
              "state": "passed",
              "speed": "fast",
              "pass": true,
              "fail": false,
              "pending": false,
              "context": null,
              "code": "cy.visit(\"https://qavbox.github.io/demo/signup/\");",
              "err": {},
              "uuid": "0671aa40-1b3f-4a1c-a1c0-3663be854ad6",
              "parentUUID": "601cf2ec-e07a-4353-96dd-ec3a656ec1e1",
              "isHook": false,
              "skipped": false
            },
            {
              "title": "Assert the URL",
              "fullTitle": "First cypress Test Assert the URL",
              "timedOut": null,
              "duration": 17,
              "state": "passed",
              "speed": "fast",
              "pass": true,
              "fail": false,
              "pending": false,
              "context": null,
              "code": "cy.url().should(\"contain\", \"signup\");",
              "err": {},
              "uuid": "98c769fe-fb84-42f4-9db4-5662c6e808a4",
              "parentUUID": "601cf2ec-e07a-4353-96dd-ec3a656ec1e1",
              "isHook": false,
              "skipped": false
            },
            {
              "title": "Enter the full name",
              "fullTitle": "First cypress Test Enter the full name",
              "timedOut": null,
              "duration": 1152,
              "state": "passed",
              "speed": "fast",
              "pass": true,
              "fail": false,
              "pending": false,
              "context": null,
              "code": "cy.get(\"#username\").as(\"usernameId\");\ncy.get(\"@usernameId\").type(\"Cerosh\");\ncy.get(\"@usernameId\").clear();\ncy.get(\"@usernameId\").type(\"Cerosh Jacob\", { delay: 50 });",
              "err": {},
              "uuid": "8720ce1d-3706-49aa-8e4d-48828d93a03e",
              "parentUUID": "601cf2ec-e07a-4353-96dd-ec3a656ec1e1",
              "isHook": false,
              "skipped": false
            },
            {
              "title": "Read text and and chain assertion",
              "fullTitle": "First cypress Test Read text and and chain assertion",
              "timedOut": null,
              "duration": 51,
              "state": "passed",
              "speed": "fast",
              "pass": true,
              "fail": false,
              "pending": false,
              "context": null,
              "code": "cy.get(\"#hidden_div\").should('not.be.visible').and(\"contain\", \"I am hidden\");",
              "err": {},
              "uuid": "7549b019-61a1-4650-a884-644faf0a487d",
              "parentUUID": "601cf2ec-e07a-4353-96dd-ec3a656ec1e1",
              "isHook": false,
              "skipped": false
            },
            {
              "title": "Count the number of elements",
              "fullTitle": "First cypress Test Count the number of elements",
              "timedOut": null,
              "duration": 72,
              "state": "passed",
              "speed": "fast",
              "pass": true,
              "fail": false,
              "pending": false,
              "context": null,
              "code": "cy.get(\"input[name='experience']\").its(\"length\").should(\"eq\", 8);",
              "err": {},
              "uuid": "9ad21cf1-4961-41c9-ae2c-9fd78bf5f3fa",
              "parentUUID": "601cf2ec-e07a-4353-96dd-ec3a656ec1e1",
              "isHook": false,
              "skipped": false
            },
            {
              "title": "Use of Check box",
              "fullTitle": "First cypress Test Use of Check box",
              "timedOut": null,
              "duration": 158,
              "state": "passed",
              "speed": "fast",
              "pass": true,
              "fail": false,
              "pending": false,
              "context": null,
              "code": "cy.get(\"input[name*='language']\").check(\"Java\");\ncy.get(\"input[name*='language'][value='Java']\").should('be.checked').and(\"be.visible\");",
              "err": {},
              "uuid": "4a2de5f6-dd4b-40a2-bd9f-7c3b30ee6d44",
              "parentUUID": "601cf2ec-e07a-4353-96dd-ec3a656ec1e1",
              "isHook": false,
              "skipped": false
            },
            {
              "title": "Submitting the registration form with logging enabled",
              "fullTitle": "First cypress Test Submitting the registration form with logging enabled",
              "timedOut": null,
              "duration": 613,
              "state": "passed",
              "speed": "fast",
              "pass": true,
              "fail": false,
              "pending": false,
              "context": null,
              "code": "cy.get(\"input[name='commit']\", { log: true }).click();",
              "err": {},
              "uuid": "40fa2917-afb9-4e28-878f-8acaab4ad199",
              "parentUUID": "601cf2ec-e07a-4353-96dd-ec3a656ec1e1",
              "isHook": false,
              "skipped": false
            },
            {
              "title": "Assert the alert",
              "fullTitle": "First cypress Test Assert the alert",
              "timedOut": null,
              "duration": 72,
              "state": "passed",
              "speed": "fast",
              "pass": true,
              "fail": false,
              "pending": false,
              "context": null,
              "code": "cy.on('window:alert', function (text) {\n    expect(text).to.contains('Registration Done!');\n});",
              "err": {},
              "uuid": "bdb5e392-398b-45c3-9545-ad93e1397048",
              "parentUUID": "601cf2ec-e07a-4353-96dd-ec3a656ec1e1",
              "isHook": false,
              "skipped": false
            },
            {
              "title": "Override the current time",
              "fullTitle": "First cypress Test Override the current time",
              "timedOut": null,
              "duration": 0,
              "state": "pending",
              "speed": null,
              "pass": false,
              "fail": false,
              "pending": true,
              "context": null,
              "code": "",
              "err": {},
              "uuid": "c448faad-c3a6-4d28-b5f8-40904064a67e",
              "parentUUID": "601cf2ec-e07a-4353-96dd-ec3a656ec1e1",
              "isHook": false,
              "skipped": false
            }
          ],
          "suites": [],
          "passes": [
            "0671aa40-1b3f-4a1c-a1c0-3663be854ad6",
            "98c769fe-fb84-42f4-9db4-5662c6e808a4",
            "8720ce1d-3706-49aa-8e4d-48828d93a03e",
            "7549b019-61a1-4650-a884-644faf0a487d",
            "9ad21cf1-4961-41c9-ae2c-9fd78bf5f3fa",
            "4a2de5f6-dd4b-40a2-bd9f-7c3b30ee6d44",
            "40fa2917-afb9-4e28-878f-8acaab4ad199",
            "bdb5e392-398b-45c3-9545-ad93e1397048"
          ],
          "failures": [],
          "pending": [
            "c448faad-c3a6-4d28-b5f8-40904064a67e"
          ],
          "skipped": [],
          "duration": 2679,
          "root": false,
          "rootEmpty": false,
          "_timeout": 2000
        }
      ],
      "passes": [],
      "failures": [],
      "pending": [],
      "skipped": [],
      "duration": 0,
      "root": true,
      "rootEmpty": true,
      "_timeout": 2000
    }
  ],
  "meta": {
    "mocha": {
      "version": "7.0.1"
    },
    "mochawesome": {
      "options": {
        "quiet": false,
        "reportFilename": "mochawesome",
        "saveHtml": false,
        "saveJson": true,
        "consoleReporter": "spec",
        "useInlineDiffs": false,
        "code": true
      },
      "version": "6.3.1"
    },
    "marge": {
      "options": {
        "reportDir": "cypress/reports/mochawesome-report",
        "overwrite": true,
        "html": false,
        "json": true,
        "timestamp": "mmddyyyy_HHMMss"
      },
      "version": "5.2.0"
    }
  }
}