{
  "stats": {
    "suites": 1,
    "tests": 9,
    "passes": 9,
    "pending": 1,
    "failures": -1,
    "start": "2021-10-28T03:15:51.496Z",
    "end": "2021-10-28T03:16:03.565Z",
    "duration": 12069,
    "testsRegistered": 10,
    "passPercent": 100,
    "pendingPercent": 10,
    "other": 1,
    "hasOther": true,
    "skipped": 0,
    "hasSkipped": false
  },
  "results": [
    {
      "uuid": "92de00cc-6ffd-4ec6-a286-3253adaea49c",
      "title": "",
      "fullFile": "cypress/integration/3-stage-1/1-css-selector.spec.ts",
      "file": "cypress/integration/3-stage-1/1-css-selector.spec.ts",
      "beforeHooks": [],
      "afterHooks": [],
      "tests": [],
      "suites": [
        {
          "uuid": "fc9d362b-93b3-424b-bba9-39f6d49fa4e4",
          "title": "Identifiers using CSS-Selectors",
          "fullFile": "",
          "file": "",
          "beforeHooks": [],
          "afterHooks": [],
          "tests": [
            {
              "title": "Identify the element using class name",
              "fullTitle": "Identifiers using CSS-Selectors Identify the element using class name",
              "timedOut": null,
              "duration": 1065,
              "state": "passed",
              "speed": "fast",
              "pass": true,
              "fail": false,
              "pending": false,
              "context": null,
              "code": "cy.get(\".main-content-title\").should('be.visible');",
              "err": {},
              "uuid": "33983ff7-67b9-4033-b028-239f17fcb0ae",
              "parentUUID": "fc9d362b-93b3-424b-bba9-39f6d49fa4e4",
              "isHook": false,
              "skipped": false
            },
            {
              "title": "Identify the element using id",
              "fullTitle": "Identifiers using CSS-Selectors Identify the element using id",
              "timedOut": null,
              "duration": 119,
              "state": "passed",
              "speed": "fast",
              "pass": true,
              "fail": false,
              "pending": false,
              "context": null,
              "code": "cy.get(\"#Syntax\").should('be.visible');",
              "err": {},
              "uuid": "d93670c2-14be-4e73-89a9-cff25ea02d31",
              "parentUUID": "fc9d362b-93b3-424b-bba9-39f6d49fa4e4",
              "isHook": false,
              "skipped": false
            },
            {
              "title": "Assert the title of the page",
              "fullTitle": "Identifiers using CSS-Selectors Assert the title of the page",
              "timedOut": null,
              "duration": 42,
              "state": "passed",
              "speed": "fast",
              "pass": true,
              "fail": false,
              "pending": false,
              "context": null,
              "code": "cy.document().title().should(\"contain\", \"Cypress Documentation\");",
              "err": {},
              "uuid": "51f7c673-e0fb-4eb4-b290-3387b00b32b2",
              "parentUUID": "fc9d362b-93b3-424b-bba9-39f6d49fa4e4",
              "isHook": false,
              "skipped": false
            },
            {
              "title": "Identify the element using AND",
              "fullTitle": "Identifiers using CSS-Selectors Identify the element using AND",
              "timedOut": null,
              "duration": 27,
              "state": "passed",
              "speed": "fast",
              "pass": true,
              "fail": false,
              "pending": false,
              "context": null,
              "code": "cy.get(\"div[role='alert'][class='alert_22O9T warning_mhQ92']\").should(\"be.visible\");",
              "err": {},
              "uuid": "fe314a93-ed3b-4681-aafb-e01b677a6eea",
              "parentUUID": "fc9d362b-93b3-424b-bba9-39f6d49fa4e4",
              "isHook": false,
              "skipped": false
            },
            {
              "title": "Identify the element using OR",
              "fullTitle": "Identifiers using CSS-Selectors Identify the element using OR",
              "timedOut": null,
              "duration": 0,
              "state": "pending",
              "speed": null,
              "pass": false,
              "fail": false,
              "pending": true,
              "context": null,
              "code": "",
              "err": {},
              "uuid": "04c6febd-d2b3-4aec-8e92-fe783589ada3",
              "parentUUID": "fc9d362b-93b3-424b-bba9-39f6d49fa4e4",
              "isHook": false,
              "skipped": false
            },
            {
              "title": "Identify the element using Contains",
              "fullTitle": "Identifiers using CSS-Selectors Identify the element using Contains",
              "timedOut": null,
              "duration": 2103,
              "state": "passed",
              "speed": "fast",
              "pass": true,
              "fail": false,
              "pending": false,
              "context": null,
              "code": "cy.get(\"div[class*='alert']\").should('have.length', 3);",
              "err": {},
              "uuid": "b52757ad-a336-4c12-8390-30d14c025f76",
              "parentUUID": "fc9d362b-93b3-424b-bba9-39f6d49fa4e4",
              "isHook": false,
              "skipped": false
            },
            {
              "title": "Identify the element using Starts with",
              "fullTitle": "Identifiers using CSS-Selectors Identify the element using Starts with",
              "timedOut": null,
              "duration": 476,
              "state": "passed",
              "speed": "fast",
              "pass": true,
              "fail": false,
              "pending": false,
              "context": null,
              "code": "cy.get(\"[class^=alert]\").should('have.length.at.least', 4);",
              "err": {},
              "uuid": "2896552e-e9d5-4e32-9dae-c4f24947b41d",
              "parentUUID": "fc9d362b-93b3-424b-bba9-39f6d49fa4e4",
              "isHook": false,
              "skipped": false
            },
            {
              "title": "Identify the element using Ends with",
              "fullTitle": "Identifiers using CSS-Selectors Identify the element using Ends with",
              "timedOut": null,
              "duration": 4208,
              "state": "passed",
              "speed": "fast",
              "pass": true,
              "fail": false,
              "pending": false,
              "context": null,
              "code": "cy.get(\"[class$=punctuation]\").should('have.length.above', 3);",
              "err": {},
              "uuid": "bcd28b67-b034-4cf3-a8ed-83f5718e8d05",
              "parentUUID": "fc9d362b-93b3-424b-bba9-39f6d49fa4e4",
              "isHook": false,
              "skipped": false
            },
            {
              "title": "Identify the Count of all child node",
              "fullTitle": "Identifiers using CSS-Selectors Identify the Count of all child node",
              "timedOut": null,
              "duration": 589,
              "state": "passed",
              "speed": "fast",
              "pass": true,
              "fail": false,
              "pending": false,
              "context": null,
              "code": "cy.get(\".nuxt-content div\").should(\"have.length.at.least\", 3);",
              "err": {},
              "uuid": "30b62df9-398e-420f-9c79-8dbd508c8587",
              "parentUUID": "fc9d362b-93b3-424b-bba9-39f6d49fa4e4",
              "isHook": false,
              "skipped": false
            },
            {
              "title": "Identify the all the siblings",
              "fullTitle": "Identifiers using CSS-Selectors Identify the all the siblings",
              "timedOut": null,
              "duration": 456,
              "state": "passed",
              "speed": "fast",
              "pass": true,
              "fail": false,
              "pending": false,
              "context": null,
              "code": "cy.get(\"div[class='alert_22O9T warning_mhQ92'] ~ p\").should(\"have.length.at.least\", 10);",
              "err": {},
              "uuid": "263b716e-7efe-4bcb-a7ab-f8ca24fca048",
              "parentUUID": "fc9d362b-93b3-424b-bba9-39f6d49fa4e4",
              "isHook": false,
              "skipped": false
            }
          ],
          "suites": [],
          "passes": [
            "33983ff7-67b9-4033-b028-239f17fcb0ae",
            "d93670c2-14be-4e73-89a9-cff25ea02d31",
            "51f7c673-e0fb-4eb4-b290-3387b00b32b2",
            "fe314a93-ed3b-4681-aafb-e01b677a6eea",
            "b52757ad-a336-4c12-8390-30d14c025f76",
            "2896552e-e9d5-4e32-9dae-c4f24947b41d",
            "bcd28b67-b034-4cf3-a8ed-83f5718e8d05",
            "30b62df9-398e-420f-9c79-8dbd508c8587",
            "263b716e-7efe-4bcb-a7ab-f8ca24fca048"
          ],
          "failures": [],
          "pending": [
            "04c6febd-d2b3-4aec-8e92-fe783589ada3"
          ],
          "skipped": [],
          "duration": 9085,
          "root": false,
          "rootEmpty": false,
          "_timeout": 2000
        }
      ],
      "passes": [],
      "failures": [],
      "pending": [],
      "skipped": [],
      "duration": 0,
      "root": true,
      "rootEmpty": true,
      "_timeout": 2000
    }
  ],
  "meta": {
    "mocha": {
      "version": "7.0.1"
    },
    "mochawesome": {
      "options": {
        "quiet": false,
        "reportFilename": "mochawesome",
        "saveHtml": false,
        "saveJson": true,
        "consoleReporter": "spec",
        "useInlineDiffs": false,
        "code": true
      },
      "version": "6.3.1"
    },
    "marge": {
      "options": {
        "reportDir": "cypress/reports/mochawesome-report",
        "overwrite": false,
        "html": false,
        "json": true,
        "timestamp": "mmddyyyy_HHMMss"
      },
      "version": "5.2.0"
    }
  }
}