{
  "stats": {
    "suites": 1,
    "tests": 9,
    "passes": 8,
    "pending": 1,
    "failures": 0,
    "start": "2021-10-28T19:32:02.039Z",
    "end": "2021-10-28T19:32:05.100Z",
    "duration": 3061,
    "testsRegistered": 9,
    "passPercent": 100,
    "pendingPercent": 11.11111111111111,
    "other": 0,
    "hasOther": false,
    "skipped": 0,
    "hasSkipped": false
  },
  "results": [
    {
      "uuid": "c39e99cb-fff9-4aac-94f4-08514509c586",
      "title": "",
      "fullFile": "cypress/integration/3-stage-1/hello-world-spec.ts",
      "file": "cypress/integration/3-stage-1/hello-world-spec.ts",
      "beforeHooks": [],
      "afterHooks": [],
      "tests": [],
      "suites": [
        {
          "uuid": "ed03f0af-c683-4c68-84be-0077ec02e5e4",
          "title": "First cypress Test",
          "fullFile": "",
          "file": "",
          "beforeHooks": [],
          "afterHooks": [],
          "tests": [
            {
              "title": "Launch the URL",
              "fullTitle": "First cypress Test Launch the URL",
              "timedOut": null,
              "duration": 313,
              "state": "passed",
              "speed": "fast",
              "pass": true,
              "fail": false,
              "pending": false,
              "context": null,
              "code": "cy.visit(\"https://qavbox.github.io/demo/signup/\");",
              "err": {},
              "uuid": "beae6971-cc87-4f45-8c7e-b3693d19ad80",
              "parentUUID": "ed03f0af-c683-4c68-84be-0077ec02e5e4",
              "isHook": false,
              "skipped": false
            },
            {
              "title": "Assert the URL",
              "fullTitle": "First cypress Test Assert the URL",
              "timedOut": null,
              "duration": 30,
              "state": "passed",
              "speed": "fast",
              "pass": true,
              "fail": false,
              "pending": false,
              "context": null,
              "code": "cy.url().should(\"contain\", \"signup\");",
              "err": {},
              "uuid": "cdaeca5d-a172-4570-9422-7452f1536e97",
              "parentUUID": "ed03f0af-c683-4c68-84be-0077ec02e5e4",
              "isHook": false,
              "skipped": false
            },
            {
              "title": "Enter the full name",
              "fullTitle": "First cypress Test Enter the full name",
              "timedOut": null,
              "duration": 1082,
              "state": "passed",
              "speed": "fast",
              "pass": true,
              "fail": false,
              "pending": false,
              "context": null,
              "code": "cy.get(\"#username\").as(\"usernameId\");\ncy.get(\"@usernameId\").type(\"Cerosh\");\ncy.get(\"@usernameId\").clear();\ncy.get(\"@usernameId\").type(\"Cerosh Jacob\", { delay: 50 });",
              "err": {},
              "uuid": "499fd9dd-d313-47a9-81c2-5dc9fb9df5ca",
              "parentUUID": "ed03f0af-c683-4c68-84be-0077ec02e5e4",
              "isHook": false,
              "skipped": false
            },
            {
              "title": "Read text and and chain assertion",
              "fullTitle": "First cypress Test Read text and and chain assertion",
              "timedOut": null,
              "duration": 46,
              "state": "passed",
              "speed": "fast",
              "pass": true,
              "fail": false,
              "pending": false,
              "context": null,
              "code": "cy.get(\"#hidden_div\").should('not.be.visible').and(\"contain\", \"I am hidden\");",
              "err": {},
              "uuid": "54dcbcdd-1d15-4276-b709-5dbe80c39775",
              "parentUUID": "ed03f0af-c683-4c68-84be-0077ec02e5e4",
              "isHook": false,
              "skipped": false
            },
            {
              "title": "Count the number of elements",
              "fullTitle": "First cypress Test Count the number of elements",
              "timedOut": null,
              "duration": 51,
              "state": "passed",
              "speed": "fast",
              "pass": true,
              "fail": false,
              "pending": false,
              "context": null,
              "code": "cy.get(\"input[name='experience']\").its(\"length\").should(\"eq\", 8);",
              "err": {},
              "uuid": "eb5ab2dd-e9c5-4095-b88d-010f0ff9ed9e",
              "parentUUID": "ed03f0af-c683-4c68-84be-0077ec02e5e4",
              "isHook": false,
              "skipped": false
            },
            {
              "title": "Use of Check box",
              "fullTitle": "First cypress Test Use of Check box",
              "timedOut": null,
              "duration": 161,
              "state": "passed",
              "speed": "fast",
              "pass": true,
              "fail": false,
              "pending": false,
              "context": null,
              "code": "cy.get(\"input[name*='language']\").check(\"Java\");\ncy.get(\"input[name*='language'][value='Java']\").should('be.checked').and(\"be.visible\");",
              "err": {},
              "uuid": "3d41e0dc-1a1b-4a5f-af8b-15ade657c467",
              "parentUUID": "ed03f0af-c683-4c68-84be-0077ec02e5e4",
              "isHook": false,
              "skipped": false
            },
            {
              "title": "Submitting the registration form with logging enabled",
              "fullTitle": "First cypress Test Submitting the registration form with logging enabled",
              "timedOut": null,
              "duration": 126,
              "state": "passed",
              "speed": "fast",
              "pass": true,
              "fail": false,
              "pending": false,
              "context": null,
              "code": "cy.get(\"input[name='commit']\", { log: true }).click();",
              "err": {},
              "uuid": "986dff76-a708-41c9-9eb6-982799fc93bc",
              "parentUUID": "ed03f0af-c683-4c68-84be-0077ec02e5e4",
              "isHook": false,
              "skipped": false
            },
            {
              "title": "Assert the alert",
              "fullTitle": "First cypress Test Assert the alert",
              "timedOut": null,
              "duration": 36,
              "state": "passed",
              "speed": "fast",
              "pass": true,
              "fail": false,
              "pending": false,
              "context": null,
              "code": "cy.on('window:alert', function (text) {\n    expect(text).to.contains('Registration Done!');\n});",
              "err": {},
              "uuid": "515f9f8a-9fb4-4557-aa50-4afd62b0b2d4",
              "parentUUID": "ed03f0af-c683-4c68-84be-0077ec02e5e4",
              "isHook": false,
              "skipped": false
            },
            {
              "title": "Override the current time",
              "fullTitle": "First cypress Test Override the current time",
              "timedOut": null,
              "duration": 0,
              "state": "pending",
              "speed": null,
              "pass": false,
              "fail": false,
              "pending": true,
              "context": null,
              "code": "",
              "err": {},
              "uuid": "7274adb6-7c27-496e-9fd8-adb718a4d556",
              "parentUUID": "ed03f0af-c683-4c68-84be-0077ec02e5e4",
              "isHook": false,
              "skipped": false
            }
          ],
          "suites": [],
          "passes": [
            "beae6971-cc87-4f45-8c7e-b3693d19ad80",
            "cdaeca5d-a172-4570-9422-7452f1536e97",
            "499fd9dd-d313-47a9-81c2-5dc9fb9df5ca",
            "54dcbcdd-1d15-4276-b709-5dbe80c39775",
            "eb5ab2dd-e9c5-4095-b88d-010f0ff9ed9e",
            "3d41e0dc-1a1b-4a5f-af8b-15ade657c467",
            "986dff76-a708-41c9-9eb6-982799fc93bc",
            "515f9f8a-9fb4-4557-aa50-4afd62b0b2d4"
          ],
          "failures": [],
          "pending": [
            "7274adb6-7c27-496e-9fd8-adb718a4d556"
          ],
          "skipped": [],
          "duration": 1845,
          "root": false,
          "rootEmpty": false,
          "_timeout": 2000
        }
      ],
      "passes": [],
      "failures": [],
      "pending": [],
      "skipped": [],
      "duration": 0,
      "root": true,
      "rootEmpty": true,
      "_timeout": 2000
    }
  ],
  "meta": {
    "mocha": {
      "version": "7.0.1"
    },
    "mochawesome": {
      "options": {
        "quiet": false,
        "reportFilename": "mochawesome",
        "saveHtml": false,
        "saveJson": true,
        "consoleReporter": "spec",
        "useInlineDiffs": false,
        "code": true
      },
      "version": "6.3.1"
    },
    "marge": {
      "options": {
        "overwrite": false,
        "html": false,
        "json": true
      },
      "version": "5.2.0"
    }
  }
}