{
  "stats": {
    "suites": 1,
    "tests": 9,
    "passes": 9,
    "pending": 1,
    "failures": -1,
    "start": "2021-10-29T00:28:36.404Z",
    "end": "2021-10-29T00:28:48.214Z",
    "duration": 11810,
    "testsRegistered": 10,
    "passPercent": 100,
    "pendingPercent": 10,
    "other": 1,
    "hasOther": true,
    "skipped": 0,
    "hasSkipped": false
  },
  "results": [
    {
      "uuid": "8d16bf3d-2cc2-4829-8bff-2f996522c7f1",
      "title": "",
      "fullFile": "cypress/integration/3-stage-1/1-css-selector.spec.ts",
      "file": "cypress/integration/3-stage-1/1-css-selector.spec.ts",
      "beforeHooks": [],
      "afterHooks": [],
      "tests": [],
      "suites": [
        {
          "uuid": "4e8bd9ab-5bf8-404a-a49e-728ad98d07c9",
          "title": "Identifiers using CSS-Selectors",
          "fullFile": "",
          "file": "",
          "beforeHooks": [],
          "afterHooks": [],
          "tests": [
            {
              "title": "Identify the element using class name",
              "fullTitle": "Identifiers using CSS-Selectors Identify the element using class name",
              "timedOut": null,
              "duration": 804,
              "state": "passed",
              "speed": "fast",
              "pass": true,
              "fail": false,
              "pending": false,
              "context": null,
              "code": "cy.get(\".main-content-title\").should('be.visible');",
              "err": {},
              "uuid": "1325e7f5-e2bd-42fa-ae95-607cc82e98f9",
              "parentUUID": "4e8bd9ab-5bf8-404a-a49e-728ad98d07c9",
              "isHook": false,
              "skipped": false
            },
            {
              "title": "Identify the element using id",
              "fullTitle": "Identifiers using CSS-Selectors Identify the element using id",
              "timedOut": null,
              "duration": 87,
              "state": "passed",
              "speed": "fast",
              "pass": true,
              "fail": false,
              "pending": false,
              "context": null,
              "code": "cy.get(\"#Syntax\").should('be.visible');",
              "err": {},
              "uuid": "cd592865-ae71-40de-be3a-bbafaa481c66",
              "parentUUID": "4e8bd9ab-5bf8-404a-a49e-728ad98d07c9",
              "isHook": false,
              "skipped": false
            },
            {
              "title": "Assert the title of the page",
              "fullTitle": "Identifiers using CSS-Selectors Assert the title of the page",
              "timedOut": null,
              "duration": 46,
              "state": "passed",
              "speed": "fast",
              "pass": true,
              "fail": false,
              "pending": false,
              "context": null,
              "code": "cy.document().title().should(\"contain\", \"Cypress Documentation\");",
              "err": {},
              "uuid": "4b83cb30-7cfa-4988-8151-5ce1df037ed9",
              "parentUUID": "4e8bd9ab-5bf8-404a-a49e-728ad98d07c9",
              "isHook": false,
              "skipped": false
            },
            {
              "title": "Identify the element using AND",
              "fullTitle": "Identifiers using CSS-Selectors Identify the element using AND",
              "timedOut": null,
              "duration": 37,
              "state": "passed",
              "speed": "fast",
              "pass": true,
              "fail": false,
              "pending": false,
              "context": null,
              "code": "cy.get(\"div[role='alert'][class='alert_22O9T warning_mhQ92']\").should(\"be.visible\");",
              "err": {},
              "uuid": "986dee38-e5ef-42de-930e-956066212501",
              "parentUUID": "4e8bd9ab-5bf8-404a-a49e-728ad98d07c9",
              "isHook": false,
              "skipped": false
            },
            {
              "title": "Identify the element using OR",
              "fullTitle": "Identifiers using CSS-Selectors Identify the element using OR",
              "timedOut": null,
              "duration": 0,
              "state": "pending",
              "speed": null,
              "pass": false,
              "fail": false,
              "pending": true,
              "context": null,
              "code": "",
              "err": {},
              "uuid": "55b93e4d-413f-4a83-a383-56d3fea573c6",
              "parentUUID": "4e8bd9ab-5bf8-404a-a49e-728ad98d07c9",
              "isHook": false,
              "skipped": false
            },
            {
              "title": "Identify the element using Contains",
              "fullTitle": "Identifiers using CSS-Selectors Identify the element using Contains",
              "timedOut": null,
              "duration": 258,
              "state": "passed",
              "speed": "fast",
              "pass": true,
              "fail": false,
              "pending": false,
              "context": null,
              "code": "cy.get(\"div[class*='alert']\").should('have.length', 3);",
              "err": {},
              "uuid": "2264f19b-7e4b-4756-99a3-923cdaf58cf4",
              "parentUUID": "4e8bd9ab-5bf8-404a-a49e-728ad98d07c9",
              "isHook": false,
              "skipped": false
            },
            {
              "title": "Identify the element using Starts with",
              "fullTitle": "Identifiers using CSS-Selectors Identify the element using Starts with",
              "timedOut": null,
              "duration": 293,
              "state": "passed",
              "speed": "fast",
              "pass": true,
              "fail": false,
              "pending": false,
              "context": null,
              "code": "cy.get(\"[class^=alert]\").should('have.length.at.least', 4);",
              "err": {},
              "uuid": "6d159be7-f55d-4881-a8ec-0b6d3fb4d46c",
              "parentUUID": "4e8bd9ab-5bf8-404a-a49e-728ad98d07c9",
              "isHook": false,
              "skipped": false
            },
            {
              "title": "Identify the element using Ends with",
              "fullTitle": "Identifiers using CSS-Selectors Identify the element using Ends with",
              "timedOut": null,
              "duration": 4980,
              "state": "passed",
              "speed": "fast",
              "pass": true,
              "fail": false,
              "pending": false,
              "context": null,
              "code": "cy.get(\"[class$=punctuation]\").should('have.length.above', 3);",
              "err": {},
              "uuid": "bbe34987-7f99-4d10-b908-763a92e5b5fb",
              "parentUUID": "4e8bd9ab-5bf8-404a-a49e-728ad98d07c9",
              "isHook": false,
              "skipped": false
            },
            {
              "title": "Identify the Count of all child node",
              "fullTitle": "Identifiers using CSS-Selectors Identify the Count of all child node",
              "timedOut": null,
              "duration": 824,
              "state": "passed",
              "speed": "fast",
              "pass": true,
              "fail": false,
              "pending": false,
              "context": null,
              "code": "cy.get(\".nuxt-content div\").should(\"have.length.at.least\", 3);",
              "err": {},
              "uuid": "fdcad87a-459c-422b-85f0-6d6dd98423aa",
              "parentUUID": "4e8bd9ab-5bf8-404a-a49e-728ad98d07c9",
              "isHook": false,
              "skipped": false
            },
            {
              "title": "Identify the all the siblings",
              "fullTitle": "Identifiers using CSS-Selectors Identify the all the siblings",
              "timedOut": null,
              "duration": 558,
              "state": "passed",
              "speed": "fast",
              "pass": true,
              "fail": false,
              "pending": false,
              "context": null,
              "code": "cy.get(\"div[class='alert_22O9T warning_mhQ92'] ~ p\").should(\"have.length.at.least\", 10);",
              "err": {},
              "uuid": "cdb4df00-50eb-41d0-a627-0ab7874496c0",
              "parentUUID": "4e8bd9ab-5bf8-404a-a49e-728ad98d07c9",
              "isHook": false,
              "skipped": false
            }
          ],
          "suites": [],
          "passes": [
            "1325e7f5-e2bd-42fa-ae95-607cc82e98f9",
            "cd592865-ae71-40de-be3a-bbafaa481c66",
            "4b83cb30-7cfa-4988-8151-5ce1df037ed9",
            "986dee38-e5ef-42de-930e-956066212501",
            "2264f19b-7e4b-4756-99a3-923cdaf58cf4",
            "6d159be7-f55d-4881-a8ec-0b6d3fb4d46c",
            "bbe34987-7f99-4d10-b908-763a92e5b5fb",
            "fdcad87a-459c-422b-85f0-6d6dd98423aa",
            "cdb4df00-50eb-41d0-a627-0ab7874496c0"
          ],
          "failures": [],
          "pending": [
            "55b93e4d-413f-4a83-a383-56d3fea573c6"
          ],
          "skipped": [],
          "duration": 7887,
          "root": false,
          "rootEmpty": false,
          "_timeout": 2000
        }
      ],
      "passes": [],
      "failures": [],
      "pending": [],
      "skipped": [],
      "duration": 0,
      "root": true,
      "rootEmpty": true,
      "_timeout": 2000
    }
  ],
  "meta": {
    "mocha": {
      "version": "7.0.1"
    },
    "mochawesome": {
      "options": {
        "quiet": false,
        "reportFilename": "mochawesome",
        "saveHtml": false,
        "saveJson": true,
        "consoleReporter": "spec",
        "useInlineDiffs": false,
        "code": true
      },
      "version": "6.3.1"
    },
    "marge": {
      "options": {
        "overwrite": false,
        "html": false,
        "json": true
      },
      "version": "5.2.0"
    }
  }
}