{
  "stats": {
    "suites": 1,
    "tests": 9,
    "passes": 9,
    "pending": 1,
    "failures": -1,
    "start": "2021-10-28T19:42:58.406Z",
    "end": "2021-10-28T19:43:10.371Z",
    "duration": 11965,
    "testsRegistered": 10,
    "passPercent": 100,
    "pendingPercent": 10,
    "other": 1,
    "hasOther": true,
    "skipped": 0,
    "hasSkipped": false
  },
  "results": [
    {
      "uuid": "1d7e8724-2acc-4758-8377-8cd10055dee4",
      "title": "",
      "fullFile": "cypress/integration/3-stage-1/1-css-selector.spec.ts",
      "file": "cypress/integration/3-stage-1/1-css-selector.spec.ts",
      "beforeHooks": [],
      "afterHooks": [],
      "tests": [],
      "suites": [
        {
          "uuid": "e7fe569f-ad6b-4c0e-82e4-770c6884d162",
          "title": "Identifiers using CSS-Selectors",
          "fullFile": "",
          "file": "",
          "beforeHooks": [],
          "afterHooks": [],
          "tests": [
            {
              "title": "Identify the element using class name",
              "fullTitle": "Identifiers using CSS-Selectors Identify the element using class name",
              "timedOut": null,
              "duration": 1116,
              "state": "passed",
              "speed": "fast",
              "pass": true,
              "fail": false,
              "pending": false,
              "context": null,
              "code": "cy.get(\".main-content-title\").should('be.visible');",
              "err": {},
              "uuid": "a426ed65-449a-403e-9712-2dca70a9d757",
              "parentUUID": "e7fe569f-ad6b-4c0e-82e4-770c6884d162",
              "isHook": false,
              "skipped": false
            },
            {
              "title": "Identify the element using id",
              "fullTitle": "Identifiers using CSS-Selectors Identify the element using id",
              "timedOut": null,
              "duration": 66,
              "state": "passed",
              "speed": "fast",
              "pass": true,
              "fail": false,
              "pending": false,
              "context": null,
              "code": "cy.get(\"#Syntax\").should('be.visible');",
              "err": {},
              "uuid": "29ea3efc-3abe-437c-a1d1-10c4961705f6",
              "parentUUID": "e7fe569f-ad6b-4c0e-82e4-770c6884d162",
              "isHook": false,
              "skipped": false
            },
            {
              "title": "Assert the title of the page",
              "fullTitle": "Identifiers using CSS-Selectors Assert the title of the page",
              "timedOut": null,
              "duration": 33,
              "state": "passed",
              "speed": "fast",
              "pass": true,
              "fail": false,
              "pending": false,
              "context": null,
              "code": "cy.document().title().should(\"contain\", \"Cypress Documentation\");",
              "err": {},
              "uuid": "80dc3cbf-be13-4f34-91c3-beab7432dd31",
              "parentUUID": "e7fe569f-ad6b-4c0e-82e4-770c6884d162",
              "isHook": false,
              "skipped": false
            },
            {
              "title": "Identify the element using AND",
              "fullTitle": "Identifiers using CSS-Selectors Identify the element using AND",
              "timedOut": null,
              "duration": 190,
              "state": "passed",
              "speed": "fast",
              "pass": true,
              "fail": false,
              "pending": false,
              "context": null,
              "code": "cy.get(\"div[role='alert'][class='alert_22O9T warning_mhQ92']\").should(\"be.visible\");",
              "err": {},
              "uuid": "df50543b-301d-49a0-a7bd-266eed40204f",
              "parentUUID": "e7fe569f-ad6b-4c0e-82e4-770c6884d162",
              "isHook": false,
              "skipped": false
            },
            {
              "title": "Identify the element using OR",
              "fullTitle": "Identifiers using CSS-Selectors Identify the element using OR",
              "timedOut": null,
              "duration": 0,
              "state": "pending",
              "speed": null,
              "pass": false,
              "fail": false,
              "pending": true,
              "context": null,
              "code": "",
              "err": {},
              "uuid": "ed964278-bd70-4ff8-9471-876f3baaadf0",
              "parentUUID": "e7fe569f-ad6b-4c0e-82e4-770c6884d162",
              "isHook": false,
              "skipped": false
            },
            {
              "title": "Identify the element using Contains",
              "fullTitle": "Identifiers using CSS-Selectors Identify the element using Contains",
              "timedOut": null,
              "duration": 317,
              "state": "passed",
              "speed": "fast",
              "pass": true,
              "fail": false,
              "pending": false,
              "context": null,
              "code": "cy.get(\"div[class*='alert']\").should('have.length', 3);",
              "err": {},
              "uuid": "fa137715-7673-4db5-9bb1-3bb4721395fd",
              "parentUUID": "e7fe569f-ad6b-4c0e-82e4-770c6884d162",
              "isHook": false,
              "skipped": false
            },
            {
              "title": "Identify the element using Starts with",
              "fullTitle": "Identifiers using CSS-Selectors Identify the element using Starts with",
              "timedOut": null,
              "duration": 274,
              "state": "passed",
              "speed": "fast",
              "pass": true,
              "fail": false,
              "pending": false,
              "context": null,
              "code": "cy.get(\"[class^=alert]\").should('have.length.at.least', 4);",
              "err": {},
              "uuid": "89fdc15a-119a-46b6-8402-52a423f1b229",
              "parentUUID": "e7fe569f-ad6b-4c0e-82e4-770c6884d162",
              "isHook": false,
              "skipped": false
            },
            {
              "title": "Identify the element using Ends with",
              "fullTitle": "Identifiers using CSS-Selectors Identify the element using Ends with",
              "timedOut": null,
              "duration": 4376,
              "state": "passed",
              "speed": "fast",
              "pass": true,
              "fail": false,
              "pending": false,
              "context": null,
              "code": "cy.get(\"[class$=punctuation]\").should('have.length.above', 3);",
              "err": {},
              "uuid": "7329b087-833e-485f-89ba-137a4d25a45b",
              "parentUUID": "e7fe569f-ad6b-4c0e-82e4-770c6884d162",
              "isHook": false,
              "skipped": false
            },
            {
              "title": "Identify the Count of all child node",
              "fullTitle": "Identifiers using CSS-Selectors Identify the Count of all child node",
              "timedOut": null,
              "duration": 965,
              "state": "passed",
              "speed": "fast",
              "pass": true,
              "fail": false,
              "pending": false,
              "context": null,
              "code": "cy.get(\".nuxt-content div\").should(\"have.length.at.least\", 3);",
              "err": {},
              "uuid": "45667dd6-bed0-4faa-b429-993f216eb036",
              "parentUUID": "e7fe569f-ad6b-4c0e-82e4-770c6884d162",
              "isHook": false,
              "skipped": false
            },
            {
              "title": "Identify the all the siblings",
              "fullTitle": "Identifiers using CSS-Selectors Identify the all the siblings",
              "timedOut": null,
              "duration": 612,
              "state": "passed",
              "speed": "fast",
              "pass": true,
              "fail": false,
              "pending": false,
              "context": null,
              "code": "cy.get(\"div[class='alert_22O9T warning_mhQ92'] ~ p\").should(\"have.length.at.least\", 10);",
              "err": {},
              "uuid": "d3a778ae-4095-41f3-915f-b45638b94875",
              "parentUUID": "e7fe569f-ad6b-4c0e-82e4-770c6884d162",
              "isHook": false,
              "skipped": false
            }
          ],
          "suites": [],
          "passes": [
            "a426ed65-449a-403e-9712-2dca70a9d757",
            "29ea3efc-3abe-437c-a1d1-10c4961705f6",
            "80dc3cbf-be13-4f34-91c3-beab7432dd31",
            "df50543b-301d-49a0-a7bd-266eed40204f",
            "fa137715-7673-4db5-9bb1-3bb4721395fd",
            "89fdc15a-119a-46b6-8402-52a423f1b229",
            "7329b087-833e-485f-89ba-137a4d25a45b",
            "45667dd6-bed0-4faa-b429-993f216eb036",
            "d3a778ae-4095-41f3-915f-b45638b94875"
          ],
          "failures": [],
          "pending": [
            "ed964278-bd70-4ff8-9471-876f3baaadf0"
          ],
          "skipped": [],
          "duration": 7949,
          "root": false,
          "rootEmpty": false,
          "_timeout": 2000
        }
      ],
      "passes": [],
      "failures": [],
      "pending": [],
      "skipped": [],
      "duration": 0,
      "root": true,
      "rootEmpty": true,
      "_timeout": 2000
    }
  ],
  "meta": {
    "mocha": {
      "version": "7.0.1"
    },
    "mochawesome": {
      "options": {
        "quiet": false,
        "reportFilename": "mochawesome",
        "saveHtml": false,
        "saveJson": true,
        "consoleReporter": "spec",
        "useInlineDiffs": false,
        "code": true
      },
      "version": "6.3.1"
    },
    "marge": {
      "options": {
        "overwrite": false,
        "html": false,
        "json": true
      },
      "version": "5.2.0"
    }
  }
}